<?xml version="1.0" encoding="UTF-8" ?>
<testsuite tests="8" failures="4" name="com.bruyako.TestMessageService" time="2.61" errors="0" skipped="0">
  <properties>
    <property name="idea.version" value="13.1.6"/>
    <property name="java.runtime.name" value="Java(TM) SE Runtime Environment"/>
    <property name="sun.boot.library.path" value="/usr/lib/jvm/java-8-oracle/jre/lib/amd64"/>
    <property name="java.vm.version" value="25.72-b15"/>
    <property name="java.vm.vendor" value="Oracle Corporation"/>
    <property name="java.vendor.url" value="http://java.oracle.com/"/>
    <property name="path.separator" value=":"/>
    <property name="guice.disable.misplaced.annotation.check" value="true"/>
    <property name="java.vm.name" value="Java HotSpot(TM) 64-Bit Server VM"/>
    <property name="file.encoding.pkg" value="sun.io"/>
    <property name="idea.launcher.port" value="7541"/>
    <property name="user.country" value="UA"/>
    <property name="sun.java.launcher" value="SUN_STANDARD"/>
    <property name="sun.os.patch.level" value="unknown"/>
    <property name="java.vm.specification.name" value="Java Virtual Machine Specification"/>
    <property name="user.dir" value="/home/brunyatko/Workspace/Projects/ConsoleTestApp"/>
    <property name="java.runtime.version" value="1.8.0_72-b15"/>
    <property name="java.awt.graphicsenv" value="sun.awt.X11GraphicsEnvironment"/>
    <property name="java.endorsed.dirs" value="/usr/lib/jvm/java-8-oracle/jre/lib/endorsed"/>
    <property name="os.arch" value="amd64"/>
    <property name="java.io.tmpdir" value="/tmp"/>
    <property name="line.separator" value="
"/>
    <property name="java.vm.specification.vendor" value="Oracle Corporation"/>
    <property name="os.name" value="Linux"/>
    <property name="classworlds.conf" value="/usr/share/maven/bin/m2.conf"/>
    <property name="sun.jnu.encoding" value="UTF-8"/>
    <property name="java.library.path" value="/home/brunyatko/Workspace/Programs/idea-IU-135.1306/bin::/usr/java/packages/lib/amd64:/usr/lib64:/lib64:/lib:/usr/lib"/>
    <property name="java.specification.name" value="Java Platform API Specification"/>
    <property name="java.class.version" value="52.0"/>
    <property name="sun.management.compiler" value="HotSpot 64-Bit Tiered Compilers"/>
    <property name="os.version" value="3.19.0-51-generic"/>
    <property name="user.home" value="/home/brunyatko"/>
    <property name="user.timezone" value="Europe/Zaporozhye"/>
    <property name="java.awt.printerjob" value="sun.print.PSPrinterJob"/>
    <property name="java.specification.version" value="1.8"/>
    <property name="idea.launcher.bin.path" value="/home/brunyatko/Workspace/Programs/idea-IU-135.1306/bin"/>
    <property name="file.encoding" value="UTF-8"/>
    <property name="user.name" value="brunyatko"/>
    <property name="java.class.path" value="/usr/share/maven/boot/plexus-classworlds-2.x.jar:/home/brunyatko/Workspace/Programs/idea-IU-135.1306/lib/idea_rt.jar"/>
    <property name="java.vm.specification.version" value="1.8"/>
    <property name="sun.arch.data.model" value="64"/>
    <property name="java.home" value="/usr/lib/jvm/java-8-oracle/jre"/>
    <property name="sun.java.command" value="com.intellij.rt.execution.application.AppMain org.codehaus.classworlds.Launcher -Didea.version=13.1.6 clean install"/>
    <property name="java.specification.vendor" value="Oracle Corporation"/>
    <property name="user.language" value="ru"/>
    <property name="awt.toolkit" value="sun.awt.X11.XToolkit"/>
    <property name="java.vm.info" value="mixed mode"/>
    <property name="java.version" value="1.8.0_72"/>
    <property name="java.ext.dirs" value="/usr/lib/jvm/java-8-oracle/jre/lib/ext:/usr/java/packages/lib/ext"/>
    <property name="securerandom.source" value="file:/dev/./urandom"/>
    <property name="sun.boot.class.path" value="/usr/lib/jvm/java-8-oracle/jre/lib/resources.jar:/usr/lib/jvm/java-8-oracle/jre/lib/rt.jar:/usr/lib/jvm/java-8-oracle/jre/lib/sunrsasign.jar:/usr/lib/jvm/java-8-oracle/jre/lib/jsse.jar:/usr/lib/jvm/java-8-oracle/jre/lib/jce.jar:/usr/lib/jvm/java-8-oracle/jre/lib/charsets.jar:/usr/lib/jvm/java-8-oracle/jre/lib/jfr.jar:/usr/lib/jvm/java-8-oracle/jre/classes"/>
    <property name="java.vendor" value="Oracle Corporation"/>
    <property name="maven.home" value="/usr/share/maven"/>
    <property name="file.separator" value="/"/>
    <property name="java.vendor.url.bug" value="http://bugreport.sun.com/bugreport/"/>
    <property name="sun.cpu.endian" value="little"/>
    <property name="sun.io.unicode.encoding" value="UnicodeLittle"/>
    <property name="sun.desktop" value="gnome"/>
    <property name="sun.cpu.isalist" value=""/>
  </properties>
  <testcase classname="com.bruyako.TestMessageService" name="testGetMessageDefaultNight" time="0.551">
    <failure message="expected:&lt;[Good night, World]!&gt; but was:&lt;[Доброї ночі, Світ]!&gt;" type="org.junit.ComparisonFailure">org.junit.ComparisonFailure: expected:&lt;[Good night, World]!&gt; but was:&lt;[Доброї ночі, Світ]!&gt;
	at org.junit.Assert.assertEquals(Assert.java:115)
	at org.junit.Assert.assertEquals(Assert.java:144)
	at com.bruyako.TestMessageService.baseTest(TestMessageService.java:89)
	at com.bruyako.TestMessageService.testGetMessageDefaultNight(TestMessageService.java:47)
	at sun.reflect.NativeMethodAccessorImpl.invoke0(Native Method)
	at sun.reflect.NativeMethodAccessorImpl.invoke(NativeMethodAccessorImpl.java:62)
	at sun.reflect.DelegatingMethodAccessorImpl.invoke(DelegatingMethodAccessorImpl.java:43)
	at java.lang.reflect.Method.invoke(Method.java:498)
	at org.junit.internal.runners.TestMethod.invoke(TestMethod.java:68)
	at org.powermock.modules.junit4.internal.impl.PowerMockJUnit44RunnerDelegateImpl$PowerMockJUnit44MethodRunner.runTestMethod(PowerMockJUnit44RunnerDelegateImpl.java:310)
	at org.junit.internal.runners.MethodRoadie$2.run(MethodRoadie.java:88)
	at org.junit.internal.runners.MethodRoadie.runBeforesThenTestThenAfters(MethodRoadie.java:96)
	at org.powermock.modules.junit4.internal.impl.PowerMockJUnit44RunnerDelegateImpl$PowerMockJUnit44MethodRunner.executeTest(PowerMockJUnit44RunnerDelegateImpl.java:294)
	at org.powermock.modules.junit4.internal.impl.PowerMockJUnit47RunnerDelegateImpl$PowerMockJUnit47MethodRunner.executeTestInSuper(PowerMockJUnit47RunnerDelegateImpl.java:127)
	at org.powermock.modules.junit4.internal.impl.PowerMockJUnit47RunnerDelegateImpl$PowerMockJUnit47MethodRunner.executeTest(PowerMockJUnit47RunnerDelegateImpl.java:82)
	at org.powermock.modules.junit4.internal.impl.PowerMockJUnit44RunnerDelegateImpl$PowerMockJUnit44MethodRunner.runBeforesThenTestThenAfters(PowerMockJUnit44RunnerDelegateImpl.java:282)
	at org.junit.internal.runners.MethodRoadie.runTest(MethodRoadie.java:86)
	at org.junit.internal.runners.MethodRoadie.run(MethodRoadie.java:49)
	at org.powermock.modules.junit4.internal.impl.PowerMockJUnit44RunnerDelegateImpl.invokeTestMethod(PowerMockJUnit44RunnerDelegateImpl.java:207)
	at org.powermock.modules.junit4.internal.impl.PowerMockJUnit44RunnerDelegateImpl.runMethods(PowerMockJUnit44RunnerDelegateImpl.java:146)
	at org.powermock.modules.junit4.internal.impl.PowerMockJUnit44RunnerDelegateImpl$1.run(PowerMockJUnit44RunnerDelegateImpl.java:120)
	at org.junit.internal.runners.ClassRoadie.runUnprotected(ClassRoadie.java:33)
	at org.junit.internal.runners.ClassRoadie.runProtected(ClassRoadie.java:45)
	at org.powermock.modules.junit4.internal.impl.PowerMockJUnit44RunnerDelegateImpl.run(PowerMockJUnit44RunnerDelegateImpl.java:122)
	at org.powermock.modules.junit4.common.internal.impl.JUnit4TestSuiteChunkerImpl.run(JUnit4TestSuiteChunkerImpl.java:106)
	at org.powermock.modules.junit4.common.internal.impl.AbstractCommonPowerMockRunner.run(AbstractCommonPowerMockRunner.java:53)
	at org.powermock.modules.junit4.PowerMockRunner.run(PowerMockRunner.java:59)
	at org.apache.maven.surefire.junit4.JUnit4TestSet.execute(JUnit4TestSet.java:53)
	at org.apache.maven.surefire.junit4.JUnit4Provider.executeTestSet(JUnit4Provider.java:123)
	at org.apache.maven.surefire.junit4.JUnit4Provider.invoke(JUnit4Provider.java:104)
	at sun.reflect.NativeMethodAccessorImpl.invoke0(Native Method)
	at sun.reflect.NativeMethodAccessorImpl.invoke(NativeMethodAccessorImpl.java:62)
	at sun.reflect.DelegatingMethodAccessorImpl.invoke(DelegatingMethodAccessorImpl.java:43)
	at java.lang.reflect.Method.invoke(Method.java:498)
	at org.apache.maven.surefire.util.ReflectionUtils.invokeMethodWithArray(ReflectionUtils.java:164)
	at org.apache.maven.surefire.booter.ProviderFactory$ProviderProxy.invoke(ProviderFactory.java:110)
	at org.apache.maven.surefire.booter.SurefireStarter.invokeProvider(SurefireStarter.java:175)
	at org.apache.maven.surefire.booter.SurefireStarter.runSuitesInProcessWhenForked(SurefireStarter.java:107)
	at org.apache.maven.surefire.booter.ForkedBooter.main(ForkedBooter.java:68)
</failure>
  </testcase>
  <testcase classname="com.bruyako.TestMessageService" name="testGetMessageDefaultMorning" time="0.068">
    <failure message="expected:&lt;[Good morning, World]!&gt; but was:&lt;[Доброго ранку, Світ]!&gt;" type="org.junit.ComparisonFailure">org.junit.ComparisonFailure: expected:&lt;[Good morning, World]!&gt; but was:&lt;[Доброго ранку, Світ]!&gt;
	at org.junit.Assert.assertEquals(Assert.java:115)
	at org.junit.Assert.assertEquals(Assert.java:144)
	at com.bruyako.TestMessageService.baseTest(TestMessageService.java:89)
	at com.bruyako.TestMessageService.testGetMessageDefaultMorning(TestMessageService.java:52)
	at sun.reflect.NativeMethodAccessorImpl.invoke0(Native Method)
	at sun.reflect.NativeMethodAccessorImpl.invoke(NativeMethodAccessorImpl.java:62)
	at sun.reflect.DelegatingMethodAccessorImpl.invoke(DelegatingMethodAccessorImpl.java:43)
	at java.lang.reflect.Method.invoke(Method.java:498)
	at org.junit.internal.runners.TestMethod.invoke(TestMethod.java:68)
	at org.powermock.modules.junit4.internal.impl.PowerMockJUnit44RunnerDelegateImpl$PowerMockJUnit44MethodRunner.runTestMethod(PowerMockJUnit44RunnerDelegateImpl.java:310)
	at org.junit.internal.runners.MethodRoadie$2.run(MethodRoadie.java:88)
	at org.junit.internal.runners.MethodRoadie.runBeforesThenTestThenAfters(MethodRoadie.java:96)
	at org.powermock.modules.junit4.internal.impl.PowerMockJUnit44RunnerDelegateImpl$PowerMockJUnit44MethodRunner.executeTest(PowerMockJUnit44RunnerDelegateImpl.java:294)
	at org.powermock.modules.junit4.internal.impl.PowerMockJUnit47RunnerDelegateImpl$PowerMockJUnit47MethodRunner.executeTestInSuper(PowerMockJUnit47RunnerDelegateImpl.java:127)
	at org.powermock.modules.junit4.internal.impl.PowerMockJUnit47RunnerDelegateImpl$PowerMockJUnit47MethodRunner.executeTest(PowerMockJUnit47RunnerDelegateImpl.java:82)
	at org.powermock.modules.junit4.internal.impl.PowerMockJUnit44RunnerDelegateImpl$PowerMockJUnit44MethodRunner.runBeforesThenTestThenAfters(PowerMockJUnit44RunnerDelegateImpl.java:282)
	at org.junit.internal.runners.MethodRoadie.runTest(MethodRoadie.java:86)
	at org.junit.internal.runners.MethodRoadie.run(MethodRoadie.java:49)
	at org.powermock.modules.junit4.internal.impl.PowerMockJUnit44RunnerDelegateImpl.invokeTestMethod(PowerMockJUnit44RunnerDelegateImpl.java:207)
	at org.powermock.modules.junit4.internal.impl.PowerMockJUnit44RunnerDelegateImpl.runMethods(PowerMockJUnit44RunnerDelegateImpl.java:146)
	at org.powermock.modules.junit4.internal.impl.PowerMockJUnit44RunnerDelegateImpl$1.run(PowerMockJUnit44RunnerDelegateImpl.java:120)
	at org.junit.internal.runners.ClassRoadie.runUnprotected(ClassRoadie.java:33)
	at org.junit.internal.runners.ClassRoadie.runProtected(ClassRoadie.java:45)
	at org.powermock.modules.junit4.internal.impl.PowerMockJUnit44RunnerDelegateImpl.run(PowerMockJUnit44RunnerDelegateImpl.java:122)
	at org.powermock.modules.junit4.common.internal.impl.JUnit4TestSuiteChunkerImpl.run(JUnit4TestSuiteChunkerImpl.java:106)
	at org.powermock.modules.junit4.common.internal.impl.AbstractCommonPowerMockRunner.run(AbstractCommonPowerMockRunner.java:53)
	at org.powermock.modules.junit4.PowerMockRunner.run(PowerMockRunner.java:59)
	at org.apache.maven.surefire.junit4.JUnit4TestSet.execute(JUnit4TestSet.java:53)
	at org.apache.maven.surefire.junit4.JUnit4Provider.executeTestSet(JUnit4Provider.java:123)
	at org.apache.maven.surefire.junit4.JUnit4Provider.invoke(JUnit4Provider.java:104)
	at sun.reflect.NativeMethodAccessorImpl.invoke0(Native Method)
	at sun.reflect.NativeMethodAccessorImpl.invoke(NativeMethodAccessorImpl.java:62)
	at sun.reflect.DelegatingMethodAccessorImpl.invoke(DelegatingMethodAccessorImpl.java:43)
	at java.lang.reflect.Method.invoke(Method.java:498)
	at org.apache.maven.surefire.util.ReflectionUtils.invokeMethodWithArray(ReflectionUtils.java:164)
	at org.apache.maven.surefire.booter.ProviderFactory$ProviderProxy.invoke(ProviderFactory.java:110)
	at org.apache.maven.surefire.booter.SurefireStarter.invokeProvider(SurefireStarter.java:175)
	at org.apache.maven.surefire.booter.SurefireStarter.runSuitesInProcessWhenForked(SurefireStarter.java:107)
	at org.apache.maven.surefire.booter.ForkedBooter.main(ForkedBooter.java:68)
</failure>
  </testcase>
  <testcase classname="com.bruyako.TestMessageService" name="testGetMessageDefaultDay" time="0.118">
    <failure message="expected:&lt;[Good day, World]!&gt; but was:&lt;[Добрий день, Світ]!&gt;" type="org.junit.ComparisonFailure">org.junit.ComparisonFailure: expected:&lt;[Good day, World]!&gt; but was:&lt;[Добрий день, Світ]!&gt;
	at org.junit.Assert.assertEquals(Assert.java:115)
	at org.junit.Assert.assertEquals(Assert.java:144)
	at com.bruyako.TestMessageService.baseTest(TestMessageService.java:89)
	at com.bruyako.TestMessageService.testGetMessageDefaultDay(TestMessageService.java:57)
	at sun.reflect.NativeMethodAccessorImpl.invoke0(Native Method)
	at sun.reflect.NativeMethodAccessorImpl.invoke(NativeMethodAccessorImpl.java:62)
	at sun.reflect.DelegatingMethodAccessorImpl.invoke(DelegatingMethodAccessorImpl.java:43)
	at java.lang.reflect.Method.invoke(Method.java:498)
	at org.junit.internal.runners.TestMethod.invoke(TestMethod.java:68)
	at org.powermock.modules.junit4.internal.impl.PowerMockJUnit44RunnerDelegateImpl$PowerMockJUnit44MethodRunner.runTestMethod(PowerMockJUnit44RunnerDelegateImpl.java:310)
	at org.junit.internal.runners.MethodRoadie$2.run(MethodRoadie.java:88)
	at org.junit.internal.runners.MethodRoadie.runBeforesThenTestThenAfters(MethodRoadie.java:96)
	at org.powermock.modules.junit4.internal.impl.PowerMockJUnit44RunnerDelegateImpl$PowerMockJUnit44MethodRunner.executeTest(PowerMockJUnit44RunnerDelegateImpl.java:294)
	at org.powermock.modules.junit4.internal.impl.PowerMockJUnit47RunnerDelegateImpl$PowerMockJUnit47MethodRunner.executeTestInSuper(PowerMockJUnit47RunnerDelegateImpl.java:127)
	at org.powermock.modules.junit4.internal.impl.PowerMockJUnit47RunnerDelegateImpl$PowerMockJUnit47MethodRunner.executeTest(PowerMockJUnit47RunnerDelegateImpl.java:82)
	at org.powermock.modules.junit4.internal.impl.PowerMockJUnit44RunnerDelegateImpl$PowerMockJUnit44MethodRunner.runBeforesThenTestThenAfters(PowerMockJUnit44RunnerDelegateImpl.java:282)
	at org.junit.internal.runners.MethodRoadie.runTest(MethodRoadie.java:86)
	at org.junit.internal.runners.MethodRoadie.run(MethodRoadie.java:49)
	at org.powermock.modules.junit4.internal.impl.PowerMockJUnit44RunnerDelegateImpl.invokeTestMethod(PowerMockJUnit44RunnerDelegateImpl.java:207)
	at org.powermock.modules.junit4.internal.impl.PowerMockJUnit44RunnerDelegateImpl.runMethods(PowerMockJUnit44RunnerDelegateImpl.java:146)
	at org.powermock.modules.junit4.internal.impl.PowerMockJUnit44RunnerDelegateImpl$1.run(PowerMockJUnit44RunnerDelegateImpl.java:120)
	at org.junit.internal.runners.ClassRoadie.runUnprotected(ClassRoadie.java:33)
	at org.junit.internal.runners.ClassRoadie.runProtected(ClassRoadie.java:45)
	at org.powermock.modules.junit4.internal.impl.PowerMockJUnit44RunnerDelegateImpl.run(PowerMockJUnit44RunnerDelegateImpl.java:122)
	at org.powermock.modules.junit4.common.internal.impl.JUnit4TestSuiteChunkerImpl.run(JUnit4TestSuiteChunkerImpl.java:106)
	at org.powermock.modules.junit4.common.internal.impl.AbstractCommonPowerMockRunner.run(AbstractCommonPowerMockRunner.java:53)
	at org.powermock.modules.junit4.PowerMockRunner.run(PowerMockRunner.java:59)
	at org.apache.maven.surefire.junit4.JUnit4TestSet.execute(JUnit4TestSet.java:53)
	at org.apache.maven.surefire.junit4.JUnit4Provider.executeTestSet(JUnit4Provider.java:123)
	at org.apache.maven.surefire.junit4.JUnit4Provider.invoke(JUnit4Provider.java:104)
	at sun.reflect.NativeMethodAccessorImpl.invoke0(Native Method)
	at sun.reflect.NativeMethodAccessorImpl.invoke(NativeMethodAccessorImpl.java:62)
	at sun.reflect.DelegatingMethodAccessorImpl.invoke(DelegatingMethodAccessorImpl.java:43)
	at java.lang.reflect.Method.invoke(Method.java:498)
	at org.apache.maven.surefire.util.ReflectionUtils.invokeMethodWithArray(ReflectionUtils.java:164)
	at org.apache.maven.surefire.booter.ProviderFactory$ProviderProxy.invoke(ProviderFactory.java:110)
	at org.apache.maven.surefire.booter.SurefireStarter.invokeProvider(SurefireStarter.java:175)
	at org.apache.maven.surefire.booter.SurefireStarter.runSuitesInProcessWhenForked(SurefireStarter.java:107)
	at org.apache.maven.surefire.booter.ForkedBooter.main(ForkedBooter.java:68)
</failure>
  </testcase>
  <testcase classname="com.bruyako.TestMessageService" name="testGetMessageDefaultEvening" time="0.094">
    <failure message="expected:&lt;[Good evening, World]!&gt; but was:&lt;[Добрий вечір, Світ]!&gt;" type="org.junit.ComparisonFailure">org.junit.ComparisonFailure: expected:&lt;[Good evening, World]!&gt; but was:&lt;[Добрий вечір, Світ]!&gt;
	at org.junit.Assert.assertEquals(Assert.java:115)
	at org.junit.Assert.assertEquals(Assert.java:144)
	at com.bruyako.TestMessageService.baseTest(TestMessageService.java:89)
	at com.bruyako.TestMessageService.testGetMessageDefaultEvening(TestMessageService.java:62)
	at sun.reflect.NativeMethodAccessorImpl.invoke0(Native Method)
	at sun.reflect.NativeMethodAccessorImpl.invoke(NativeMethodAccessorImpl.java:62)
	at sun.reflect.DelegatingMethodAccessorImpl.invoke(DelegatingMethodAccessorImpl.java:43)
	at java.lang.reflect.Method.invoke(Method.java:498)
	at org.junit.internal.runners.TestMethod.invoke(TestMethod.java:68)
	at org.powermock.modules.junit4.internal.impl.PowerMockJUnit44RunnerDelegateImpl$PowerMockJUnit44MethodRunner.runTestMethod(PowerMockJUnit44RunnerDelegateImpl.java:310)
	at org.junit.internal.runners.MethodRoadie$2.run(MethodRoadie.java:88)
	at org.junit.internal.runners.MethodRoadie.runBeforesThenTestThenAfters(MethodRoadie.java:96)
	at org.powermock.modules.junit4.internal.impl.PowerMockJUnit44RunnerDelegateImpl$PowerMockJUnit44MethodRunner.executeTest(PowerMockJUnit44RunnerDelegateImpl.java:294)
	at org.powermock.modules.junit4.internal.impl.PowerMockJUnit47RunnerDelegateImpl$PowerMockJUnit47MethodRunner.executeTestInSuper(PowerMockJUnit47RunnerDelegateImpl.java:127)
	at org.powermock.modules.junit4.internal.impl.PowerMockJUnit47RunnerDelegateImpl$PowerMockJUnit47MethodRunner.executeTest(PowerMockJUnit47RunnerDelegateImpl.java:82)
	at org.powermock.modules.junit4.internal.impl.PowerMockJUnit44RunnerDelegateImpl$PowerMockJUnit44MethodRunner.runBeforesThenTestThenAfters(PowerMockJUnit44RunnerDelegateImpl.java:282)
	at org.junit.internal.runners.MethodRoadie.runTest(MethodRoadie.java:86)
	at org.junit.internal.runners.MethodRoadie.run(MethodRoadie.java:49)
	at org.powermock.modules.junit4.internal.impl.PowerMockJUnit44RunnerDelegateImpl.invokeTestMethod(PowerMockJUnit44RunnerDelegateImpl.java:207)
	at org.powermock.modules.junit4.internal.impl.PowerMockJUnit44RunnerDelegateImpl.runMethods(PowerMockJUnit44RunnerDelegateImpl.java:146)
	at org.powermock.modules.junit4.internal.impl.PowerMockJUnit44RunnerDelegateImpl$1.run(PowerMockJUnit44RunnerDelegateImpl.java:120)
	at org.junit.internal.runners.ClassRoadie.runUnprotected(ClassRoadie.java:33)
	at org.junit.internal.runners.ClassRoadie.runProtected(ClassRoadie.java:45)
	at org.powermock.modules.junit4.internal.impl.PowerMockJUnit44RunnerDelegateImpl.run(PowerMockJUnit44RunnerDelegateImpl.java:122)
	at org.powermock.modules.junit4.common.internal.impl.JUnit4TestSuiteChunkerImpl.run(JUnit4TestSuiteChunkerImpl.java:106)
	at org.powermock.modules.junit4.common.internal.impl.AbstractCommonPowerMockRunner.run(AbstractCommonPowerMockRunner.java:53)
	at org.powermock.modules.junit4.PowerMockRunner.run(PowerMockRunner.java:59)
	at org.apache.maven.surefire.junit4.JUnit4TestSet.execute(JUnit4TestSet.java:53)
	at org.apache.maven.surefire.junit4.JUnit4Provider.executeTestSet(JUnit4Provider.java:123)
	at org.apache.maven.surefire.junit4.JUnit4Provider.invoke(JUnit4Provider.java:104)
	at sun.reflect.NativeMethodAccessorImpl.invoke0(Native Method)
	at sun.reflect.NativeMethodAccessorImpl.invoke(NativeMethodAccessorImpl.java:62)
	at sun.reflect.DelegatingMethodAccessorImpl.invoke(DelegatingMethodAccessorImpl.java:43)
	at java.lang.reflect.Method.invoke(Method.java:498)
	at org.apache.maven.surefire.util.ReflectionUtils.invokeMethodWithArray(ReflectionUtils.java:164)
	at org.apache.maven.surefire.booter.ProviderFactory$ProviderProxy.invoke(ProviderFactory.java:110)
	at org.apache.maven.surefire.booter.SurefireStarter.invokeProvider(SurefireStarter.java:175)
	at org.apache.maven.surefire.booter.SurefireStarter.runSuitesInProcessWhenForked(SurefireStarter.java:107)
	at org.apache.maven.surefire.booter.ForkedBooter.main(ForkedBooter.java:68)
</failure>
  </testcase>
  <testcase classname="com.bruyako.TestMessageService" name="testGetMessageRuNight" time="0.068"/>
  <testcase classname="com.bruyako.TestMessageService" name="testGetMessageRuMorning" time="0.044"/>
  <testcase classname="com.bruyako.TestMessageService" name="testGetMessageRuDay" time="0.039"/>
  <testcase classname="com.bruyako.TestMessageService" name="testGetMessageRuEvening" time="0.036"/>
</testsuite>